#
# A fatal error has been detected by the Java Runtime Environment:
#
#  EXCEPTION_ACCESS_VIOLATION (0xc0000005) at pc=0x00007fff93a9c9b8, pid=3748, tid=7144
#
# JRE version: OpenJDK Runtime Environment Temurin-17.0.8.1+1 (17.0.8.1+1) (build 17.0.8.1+1)
# Java VM: OpenJDK 64-Bit Server VM Temurin-17.0.8.1+1 (17.0.8.1+1, mixed mode, tiered, compressed oops, compressed class ptrs, parallel gc, windows-amd64)
# Problematic frame:
# V  [jvm.dll+0xc9b8]
#
# No core dump will be written. Minidumps are not enabled by default on client versions of Windows
#
# If you would like to submit a bug report, please visit:
#   https://github.com/adoptium/adoptium-support/issues
#

---------------  S U M M A R Y ------------

Command Line: --add-modules=ALL-SYSTEM --add-opens=java.base/java.util=ALL-UNNAMED --add-opens=java.base/java.lang=ALL-UNNAMED --add-opens=java.base/sun.nio.fs=ALL-UNNAMED -Declipse.application=org.eclipse.jdt.ls.core.id1 -Dosgi.bundles.defaultStartLevel=4 -Declipse.product=org.eclipse.jdt.ls.core.product -Djava.import.generatesMetadataFilesAtProjectRoot=false -Dfile.encoding=utf8 -XX:+UseParallelGC -XX:GCTimeRatio=4 -XX:AdaptiveSizePolicyWeight=90 -Dsun.zip.disableMemoryMapping=true -Xmx1G -Xms100m -Xlog:disable -javaagent:c:\Users\Gereld\.vscode\extensions\redhat.java-1.22.1-win32-x64\lombok\lombok-1.18.28.jar -XX:+HeapDumpOnOutOfMemoryError -XX:HeapDumpPath=c:\Users\Gereld\AppData\Roaming\Code\User\workspaceStorage\b61a7ebf113cedc2fa80fd82d9bf1412\redhat.java -Daether.dependencyCollector.impl=bf c:\Users\Gereld\.vscode\extensions\redhat.java-1.22.1-win32-x64\server\plugins\org.eclipse.equinox.launcher_1.6.500.v20230717-2134.jar -configuration c:\Users\Gereld\AppData\Roaming\Code\User\globalStorage\redhat.java\1.22.1\config_win -data c:\Users\Gereld\AppData\Roaming\Code\User\workspaceStorage\b61a7ebf113cedc2fa80fd82d9bf1412\redhat.java\jdt_ws

Host: Intel(R) Core(TM) i5-9600KF CPU @ 3.70GHz, 6 cores, 15G,  Windows 10 , 64 bit Build 19041 (10.0.19041.3393)
Time: Tue Sep 26 15:46:51 2023 Hora verano Sudamérica Pacífico elapsed time: 3722.545799 seconds (0d 1h 2m 2s)

---------------  T H R E A D  ---------------

Current thread (0x000002876280e4c0):  GCTaskThread "GC Thread#5" [stack: 0x000000c76bc00000,0x000000c76bd00000] [id=7144]

Stack: [0x000000c76bc00000,0x000000c76bd00000],  sp=0x000000c76bcff708,  free space=1021k
Native frames: (J=compiled Java code, j=interpreted, Vv=VM code, C=native code)
V  [jvm.dll+0xc9b8]


siginfo: EXCEPTION_ACCESS_VIOLATION (0xc0000005), reading address 0x0000000000000008


Register to memory mapping:

RIP=0x00007fff93a9c9b8 jvm.dll
RAX=0x0000000000000001 is an unknown value
RBX=536913690 is a compressed pointer to class: 0x00000001000538d0
java.util.ArrayList {0x00000001000538d8}
 - instance size:     3
 - klass size:        164
 - access:            public synchronized 
 - state:             fully_initialized
 - name:              'java/util/ArrayList'
 - super:             'java/util/AbstractList'
 - sub:               'org/jetbrains/java/decompiler/util/ListStack'   'org/jetbrains/java/decompiler/util/VBStyleCollection'   'org/jsoup/select/Elements'   'org/jsoup/helper/ChangeNotifyingArrayList'   (3 more klasses...)
 - arrays:            'java/util/ArrayList'[]
 - methods:           Array<T>(0x000002875d0d4ed8)
 - method ordering:   Array<T>(0x000002875d000018)
 - default_methods:   Array<T>(0x000002875d0da6f0)
 - default vtable indices:   Array<T>(0x000002875d0da710)
 - local interfaces:  Array<T>(0x000002875d0d1760)
 - trans. interfaces: Array<T>(0x000002875d0da6b8)
 - constants:         constant pool [415] {0x000002875d0d08e8} for 'java/util/ArrayList' cache=0x000002875d225198
 - class loader data:  loader data: 0x0000028748a3b9f0 of 'bootstrap'
 - class annotations:       Array<T>(0x0000000000000000)
 - class type annotations:  Array<T>(0x0000000000000000)
 - field annotations:       Array<T>(0x0000000000000000)
 - field type annotations:  Array<T>(0x0000000000000000)
 - generic signature: '<E:Ljava/lang/Object;>Ljava/util/AbstractList<TE;>;Ljava/util/List<TE;>;Ljava/util/RandomAccess;Ljava/lang/Cloneable;Ljava/io/Serializable;'
 - inner classes:     Array<T>(0x000002875d0d7d60)
 - nest members:     Array<T>(0x000002875d0d7da0)
 - permitted subclasses:     Array<T>(0x000002875d000028)
 - java mirror:       a 'java/lang/Class'{0x00000000c03d5958} = 'java/util/ArrayList'
 - vtable length      47  (start addr: 0x0000000100053a98)
 - itable length      59 (start addr: 0x0000000100053c10)
 - ---- static fields (3 words):
 - private static final 'serialVersionUID' 'J' @120 
 - private static final 'DEFAULT_CAPACITY' 'I' @128 
 - private static final 'EMPTY_ELEMENTDATA' '[Ljava/lang/Object;' @112 
 - private static final 'DEFAULTCAPACITY_EMPTY_ELEMENTDATA' '[Ljava/lang/Object;' @116 
 - ---- non-static fields (3 words):
 - protected transient 'modCount' 'I' @12 
 - private 'size' 'I' @16 
 - transient 'elementData' '[Ljava/lang/Object;' @20 
 - non-static oop maps: 20-20 
RCX=0x0000000000000003 is an unknown value
RDX=0x00000000eafddff0 points into unknown readable memory: 0x000000002000a71a | 1a a7 00 20 00 00 00 00
RSP=0x000000c76bcff708 points into unknown readable memory: 0x00007fff94145ba6 | a6 5b 14 94 ff 7f 00 00
RBP=0x000000c76bcff788 points into unknown readable memory: 0x000000000000000c | 0c 00 00 00 00 00 00 00
RSI=0x00000000eb27c168 points into unknown readable memory: 0xeb27e950eafddff0 | f0 df fd ea 50 e9 27 eb
RDI=0x0000028748ad6e80 points into unknown readable memory: 0x00007fff94442a48 | 48 2a 44 94 ff 7f 00 00
R8 =0x0 is NULL
R9 =0x000000000000000c is an unknown value
R10=0x0 is NULL
R11=0x0000028748ad6e80 points into unknown readable memory: 0x00007fff94442a48 | 48 2a 44 94 ff 7f 00 00
R12=0x0 is NULL
R13=0x0000000000000010 is an unknown value
R14=0x00000000eafddff0 points into unknown readable memory: 0x000000002000a71a | 1a a7 00 20 00 00 00 00
R15=0x0000028748ad6e80 points into unknown readable memory: 0x00007fff94442a48 | 48 2a 44 94 ff 7f 00 00


Registers:
RAX=0x0000000000000001, RBX=0x000000002000a71a, RCX=0x0000000000000003, RDX=0x00000000eafddff0
RSP=0x000000c76bcff708, RBP=0x000000c76bcff788, RSI=0x00000000eb27c168, RDI=0x0000028748ad6e80
R8 =0x0000000000000000, R9 =0x000000000000000c, R10=0x0000000000000000, R11=0x0000028748ad6e80
R12=0x0000000000000000, R13=0x0000000000000010, R14=0x00000000eafddff0, R15=0x0000028748ad6e80
RIP=0x00007fff93a9c9b8, EFLAGS=0x0000000000010246

Top of Stack: (sp=0x000000c76bcff708)
0x000000c76bcff708:   00007fff94145ba6 0000000000000001
0x000000c76bcff718:   00000000eb27b368 000000c76bcff7d8
0x000000c76bcff728:   00007fff94146e61 00007fff94441c40
0x000000c76bcff738:   0000028748a27800 0000028748ad6e80
0x000000c76bcff748:   0000000000000400 00000000c915c590
0x000000c76bcff758:   00007fff941460b0 00000000c90bee48
0x000000c76bcff768:   00000000c90bf008 0000000000000009
0x000000c76bcff778:   0000000000000400 0000000000000010
0x000000c76bcff788:   000000000000000c 0000000000000382
0x000000c76bcff798:   0000000000000000 00000000eb27c168
0x000000c76bcff7a8:   000000002000a71a 0000000000000350
0x000000c76bcff7b8:   00007fff94146aa0 00000000eb27c19c
0x000000c76bcff7c8:   00007fff94441c40 000000002000a71a
0x000000c76bcff7d8:   000000c76aafefc8 000a114e0000230c
0x000000c76bcff7e8:   0000000000000005 000000c76aaff020
0x000000c76bcff7f8:   000000c76aafefc8 0000000000000005 

Instructions: (pc=0x00007fff93a9c9b8)
0x00007fff93a9c8b8:   48 83 c4 20 5e c3 cc cc 48 8b 01 c3 cc cc cc cc
0x00007fff93a9c8c8:   cc cc cc cc cc cc cc cc 4c 8b 01 4c 8b c9 48 8b
0x00007fff93a9c8d8:   0d a3 14 b5 00 ba 44 60 08 00 e9 d9 f1 ff ff cc
0x00007fff93a9c8e8:   cc cc cc cc cc cc cc cc 48 89 5c 24 08 57 48 83
0x00007fff93a9c8f8:   ec 20 48 8b 39 48 8b d9 48 85 3d a1 f6 b9 00 75
0x00007fff93a9c908:   0e 48 8b c7 48 8b 5c 24 30 48 83 c4 20 5f c3 48
0x00007fff93a9c918:   8b cf e8 81 a2 85 00 48 8b d0 48 85 c0 74 20 48
0x00007fff93a9c928:   8b c7 f0 48 0f b1 13 74 16 48 85 05 70 f6 b9 00
0x00007fff93a9c938:   74 0d 48 8b c8 f0 48 0f b1 13 48 3b c1 75 ea 48
0x00007fff93a9c948:   8b 5c 24 30 48 8b c2 48 83 c4 20 5f c3 cc cc cc
0x00007fff93a9c958:   cc cc cc cc cc cc cc cc 4c 8b 01 4c 8b c9 48 8b
0x00007fff93a9c968:   0d 13 14 b5 00 ba 64 60 08 00 e9 49 f1 ff ff cc
0x00007fff93a9c978:   cc cc cc cc cc cc cc cc 8b 05 82 59 af 00 c3 cc
0x00007fff93a9c988:   cc cc cc cc cc cc cc cc 0f b6 05 e7 1c b6 00 48
0x00007fff93a9c998:   8b d1 84 c0 74 16 44 8b 41 08 8b 0d 60 59 af 00
0x00007fff93a9c9a8:   49 d3 e0 4c 03 05 4e 59 af 00 eb 04 4c 8b 41 08
0x00007fff93a9c9b8:   45 8b 50 08 45 85 d2 7e 0e 41 f6 c2 01 75 53 41
0x00007fff93a9c9c8:   c1 fa 03 41 8b c2 c3 79 49 84 c0 b9 10 00 00 00
0x00007fff93a9c9d8:   8b 05 66 68 af 00 41 b8 0c 00 00 00 41 0f 45 c8
0x00007fff93a9c9e8:   ff c8 4c 63 c8 48 63 14 11 41 8b ca 83 e1 3f 48
0x00007fff93a9c9f8:   d3 e2 41 8b ca 48 c1 f9 10 0f b6 c1 49 8d 0c 11
0x00007fff93a9ca08:   49 f7 d1 48 03 c1 49 c1 e9 03 48 c1 e8 03 41 23
0x00007fff93a9ca18:   c1 c3 49 8b 00 49 8b c8 48 ff a0 00 01 00 00 cc
0x00007fff93a9ca28:   cc cc cc cc cc cc cc cc 8b 44 24 30 45 03 c9 44
0x00007fff93a9ca38:   2b 4c 24 28 83 c0 0b 44 03 ca 45 03 c8 41 03 c1
0x00007fff93a9ca48:   c3 cc cc cc cc cc cc cc 4c 8b ca 48 8b d1 45 8b
0x00007fff93a9ca58:   41 08 45 85 c0 7e 0e 41 f6 c0 01 75 56 41 c1 f8
0x00007fff93a9ca68:   03 41 8b c0 c3 79 4c 80 3d 08 1c b6 00 00 b8 0c
0x00007fff93a9ca78:   00 00 00 b9 10 00 00 00 0f 45 c8 8b 05 bb 67 af
0x00007fff93a9ca88:   00 ff c8 4c 63 c8 48 63 14 11 41 8b c8 83 e1 3f
0x00007fff93a9ca98:   48 d3 e2 41 8b c8 48 c1 f9 10 0f b6 c1 49 8d 0c
0x00007fff93a9caa8:   11 49 f7 d1 48 03 c1 49 c1 e9 03 48 c1 e8 03 41 


Stack slot to memory mapping:
stack at sp + 0 slots: 0x00007fff94145ba6 jvm.dll
stack at sp + 1 slots: 0x0000000000000001 is an unknown value
stack at sp + 2 slots: 0x00000000eb27b368 is an oop: java.util.IdentityHashMap 
{0x00000000eb27b368} - klass: 'java/util/IdentityHashMap'
 - ---- fields (total size 5 words):
 - transient 'keySet' 'Ljava/util/Set;' @12  NULL (0)
 - transient 'values' 'Ljava/util/Collection;' @16  NULL (0)
 - 'size' 'I' @20  458 (1ca)
 - transient 'modCount' 'I' @24  752 (2f0)
 - transient 'table' '[Ljava/lang/Object;' @28  a 'java/lang/Object'[2048] {0x00000000eb27b390} (eb27b390)
 - private transient 'entrySet' 'Ljava/util/Set;' @32  NULL (0)
stack at sp + 3 slots: 0x000000c76bcff7d8 points into unknown readable memory: 0x000000c76aafefc8 | c8 ef af 6a c7 00 00 00
stack at sp + 4 slots: 0x00007fff94146e61 jvm.dll
stack at sp + 5 slots: 0x00007fff94441c40 jvm.dll
stack at sp + 6 slots: 0x0000028748a27800 points into unknown readable memory: 0x00007fff944437b0 | b0 37 44 94 ff 7f 00 00
stack at sp + 7 slots: 0x0000028748ad6e80 points into unknown readable memory: 0x00007fff94442a48 | 48 2a 44 94 ff 7f 00 00


---------------  P R O C E S S  ---------------

Threads class SMR info:
_java_thread_list=0x0000028763cbc050, length=40, elements={
0x0000028748a1ae60, 0x0000028748adb580, 0x0000028748adcce0, 0x00000287621650c0,
0x0000028762165c50, 0x00000287621689e0, 0x000002876216a510, 0x000002876216b200,
0x000002875c89e240, 0x00000287621e2140, 0x0000028748a81260, 0x000002876254eaa0,
0x0000028762aeb150, 0x0000028762cef870, 0x0000028762a5e4b0, 0x0000028763470b60,
0x0000028763b64f60, 0x0000028763b65470, 0x0000028763b64540, 0x0000028763b64a50,
0x0000028763b63610, 0x00000287640763b0, 0x0000028764078720, 0x0000028764074550,
0x0000028764078210, 0x00000287635ee170, 0x0000028766090fe0, 0x0000028764020590,
0x0000028764020aa0, 0x00000287660900b0, 0x00000287669fcdf0, 0x00000287669fd810,
0x0000028764149300, 0x000002876414b670, 0x000002876296ca80, 0x00000287684a80a0,
0x00000287629cca00, 0x0000028764148df0, 0x00000287669fbec0, 0x0000028766ca2630
}

Java Threads: ( => current thread )
  0x0000028748a1ae60 JavaThread "main" [_thread_blocked, id=3928, stack(0x000000c76a800000,0x000000c76a900000)]
  0x0000028748adb580 JavaThread "Reference Handler" daemon [_thread_blocked, id=15316, stack(0x000000c76ab00000,0x000000c76ac00000)]
  0x0000028748adcce0 JavaThread "Finalizer" daemon [_thread_blocked, id=1020, stack(0x000000c76ac00000,0x000000c76ad00000)]
  0x00000287621650c0 JavaThread "Signal Dispatcher" daemon [_thread_blocked, id=5536, stack(0x000000c76ad00000,0x000000c76ae00000)]
  0x0000028762165c50 JavaThread "Attach Listener" daemon [_thread_blocked, id=4680, stack(0x000000c76ae00000,0x000000c76af00000)]
  0x00000287621689e0 JavaThread "Service Thread" daemon [_thread_blocked, id=268, stack(0x000000c76af00000,0x000000c76b000000)]
  0x000002876216a510 JavaThread "Monitor Deflation Thread" daemon [_thread_blocked, id=12472, stack(0x000000c76b000000,0x000000c76b100000)]
  0x000002876216b200 JavaThread "C2 CompilerThread0" daemon [_thread_in_native, id=17136, stack(0x000000c76b100000,0x000000c76b200000)]
  0x000002875c89e240 JavaThread "C1 CompilerThread0" daemon [_thread_blocked, id=7204, stack(0x000000c76b200000,0x000000c76b300000)]
  0x00000287621e2140 JavaThread "Sweeper thread" daemon [_thread_blocked, id=2788, stack(0x000000c76b300000,0x000000c76b400000)]
  0x0000028748a81260 JavaThread "Common-Cleaner" daemon [_thread_blocked, id=14168, stack(0x000000c76b400000,0x000000c76b500000)]
  0x000002876254eaa0 JavaThread "Notification Thread" daemon [_thread_blocked, id=15876, stack(0x000000c76b600000,0x000000c76b700000)]
  0x0000028762aeb150 JavaThread "Active Thread: Equinox Container: 6310ebfc-ab43-47cb-8833-5800c20b4d2c" [_thread_blocked, id=12892, stack(0x000000c76bd00000,0x000000c76be00000)]
  0x0000028762cef870 JavaThread "Framework Event Dispatcher: Equinox Container: 6310ebfc-ab43-47cb-8833-5800c20b4d2c" daemon [_thread_blocked, id=17056, stack(0x000000c76be00000,0x000000c76bf00000)]
  0x0000028762a5e4b0 JavaThread "Start Level: Equinox Container: 6310ebfc-ab43-47cb-8833-5800c20b4d2c" daemon [_thread_blocked, id=15256, stack(0x000000c76bf00000,0x000000c76c000000)]
  0x0000028763470b60 JavaThread "Bundle File Closer" daemon [_thread_blocked, id=1312, stack(0x000000c76c000000,0x000000c76c100000)]
  0x0000028763b64f60 JavaThread "SCR Component Actor" daemon [_thread_blocked, id=8720, stack(0x000000c76c100000,0x000000c76c200000)]
  0x0000028763b65470 JavaThread "Worker-JM" [_thread_blocked, id=904, stack(0x000000c76c300000,0x000000c76c400000)]
  0x0000028763b64540 JavaThread "Java indexing" daemon [_thread_blocked, id=6424, stack(0x000000c76c600000,0x000000c76c700000)]
  0x0000028763b64a50 JavaThread "JNA Cleaner" daemon [_thread_blocked, id=10332, stack(0x000000c76c700000,0x000000c76c800000)]
  0x0000028763b63610 JavaThread "pool-2-thread-1" [_thread_blocked, id=9400, stack(0x000000c76ca00000,0x000000c76cb00000)]
  0x00000287640763b0 JavaThread "WorkspaceEventsHandler" [_thread_blocked, id=2688, stack(0x000000c76cb00000,0x000000c76cc00000)]
  0x0000028764078720 JavaThread "pool-1-thread-1" [_thread_in_native, id=14776, stack(0x000000c76cc00000,0x000000c76cd00000)]
  0x0000028764074550 JavaThread "Worker-2" [_thread_blocked, id=1468, stack(0x000000c76cd00000,0x000000c76ce00000)]
  0x0000028764078210 JavaThread "Timer-0" [_thread_blocked, id=9940, stack(0x000000c76d100000,0x000000c76d200000)]
  0x00000287635ee170 JavaThread "Timer-1" [_thread_blocked, id=13464, stack(0x000000c76b500000,0x000000c76b600000)]
  0x0000028766090fe0 JavaThread "Java Debug Server" daemon [_thread_in_native, id=1856, stack(0x000000c76c500000,0x000000c76c600000)]
  0x0000028764020590 JavaThread "RxSchedulerPurge-1" daemon [_thread_blocked, id=14828, stack(0x000000c76cf00000,0x000000c76d000000)]
  0x0000028764020aa0 JavaThread "RxCachedWorkerPoolEvictor-1" daemon [_thread_blocked, id=19260, stack(0x000000c76d000000,0x000000c76d100000)]
  0x00000287660900b0 JavaThread "ForkJoinPool.commonPool-worker-14" daemon [_thread_blocked, id=5552, stack(0x000000c76c200000,0x000000c76c300000)]
  0x00000287669fcdf0 JavaThread "ForkJoinPool.commonPool-worker-16" daemon [_thread_blocked, id=9744, stack(0x000000c76ce00000,0x000000c76cf00000)]
  0x00000287669fd810 JavaThread "ForkJoinPool.commonPool-worker-17" daemon [_thread_blocked, id=8200, stack(0x000000c76d200000,0x000000c76d300000)]
  0x0000028764149300 JavaThread "Worker-13" [_thread_blocked, id=9192, stack(0x000000c76d300000,0x000000c76d400000)]
  0x000002876414b670 JavaThread "ForkJoinPool.commonPool-worker-18" daemon [_thread_blocked, id=2148, stack(0x000000c76c800000,0x000000c76c900000)]
  0x000002876296ca80 JavaThread "ForkJoinPool.commonPool-worker-19" daemon [_thread_blocked, id=20252, stack(0x000000c76a600000,0x000000c76a700000)]
  0x00000287684a80a0 JavaThread "Worker-15" [_thread_blocked, id=696, stack(0x000000c76a700000,0x000000c76a800000)]
  0x00000287629cca00 JavaThread "Worker-16" [_thread_blocked, id=12976, stack(0x000000c76c400000,0x000000c76c500000)]
  0x0000028764148df0 JavaThread "Worker-17" [_thread_blocked, id=19468, stack(0x000000c76c900000,0x000000c76ca00000)]
  0x00000287669fbec0 JavaThread "ForkJoinPool.commonPool-worker-20" daemon [_thread_blocked, id=15732, stack(0x000000c76d600000,0x000000c76d700000)]
  0x0000028766ca2630 JavaThread "C2 CompilerThread1" daemon [_thread_in_native, id=18664, stack(0x000000c76d400000,0x000000c76d500000)]

Other Threads:
  0x0000028748ad7ba0 VMThread "VM Thread" [stack: 0x000000c76aa00000,0x000000c76ab00000] [id=11784]
  0x0000028762405e10 WatcherThread [stack: 0x000000c76b700000,0x000000c76b800000] [id=7180]
  0x0000028748a333c0 GCTaskThread "GC Thread#0" [stack: 0x000000c76a900000,0x000000c76aa00000] [id=11864]
  0x0000028762b0be20 GCTaskThread "GC Thread#1" [stack: 0x000000c76b800000,0x000000c76b900000] [id=17500]
  0x0000028762b0c4f0 GCTaskThread "GC Thread#2" [stack: 0x000000c76b900000,0x000000c76ba00000] [id=4560]
  0x0000028762b0c7b0 GCTaskThread "GC Thread#3" [stack: 0x000000c76ba00000,0x000000c76bb00000] [id=20176]
  0x000002876280e200 GCTaskThread "GC Thread#4" [stack: 0x000000c76bb00000,0x000000c76bc00000] [id=3172]
=>0x000002876280e4c0 GCTaskThread "GC Thread#5" [stack: 0x000000c76bc00000,0x000000c76bd00000] [id=7144]

Threads with active compile tasks:
C2 CompilerThread0  3722565 28150       4       org.jetbrains.java.decompiler.modules.decompiler.sforms.SSAConstructorSparseEx::processExprent (809 bytes)
C2 CompilerThread1  3722565 28434       4       org.jetbrains.java.decompiler.modules.decompiler.sforms.SSAUConstructorSparseEx::processExprent (1657 bytes)

VM state: at safepoint (normal execution)

VM Mutex/Monitor currently owned by a thread:  ([mutex/lock_event])
[0x0000028748a0bfb0] Threads_lock - owner thread: 0x0000028748ad7ba0
[0x0000028748a0cd30] Heap_lock - owner thread: 0x000002876296ca80

Heap address: 0x00000000c0000000, size: 1024 MB, Compressed Oops mode: 32-bit

CDS archive(s) not mapped
Compressed class space mapped at: 0x0000000100000000-0x0000000140000000, reserved size: 1073741824
Narrow klass base: 0x0000000000000000, Narrow klass shift: 3, Narrow klass range: 0x140000000

GC Precious Log:
 CPUs: 6 total, 6 available
 Memory: 16296M
 Large Page Support: Disabled
 NUMA Support: Disabled
 Compressed Oops: Enabled (32-bit)
 Alignments: Space 512K, Generation 512K, Heap 2M
 Heap Min Capacity: 100M
 Heap Initial Capacity: 100M
 Heap Max Capacity: 1G
 Pre-touch: Disabled
 Parallel Workers: 6

Heap:
 PSYoungGen      total 7168K, used 6752K [0x00000000eab00000, 0x00000000eb300000, 0x0000000100000000)
  eden space 6144K, 100% used [0x00000000eab00000,0x00000000eb100000,0x00000000eb100000)
  from space 1024K, 59% used [0x00000000eb100000,0x00000000eb198000,0x00000000eb200000)
  to   space 1024K, 86% used [0x00000000eb200000,0x00000000eb2dd200,0x00000000eb300000)
 ParOldGen       total 150016K, used 149057K [0x00000000c0000000, 0x00000000c9280000, 0x00000000eab00000)
  object space 150016K, 99% used [0x00000000c0000000,0x00000000c91906a8,0x00000000c9280000)
 Metaspace       used 106151K, committed 107456K, reserved 1179648K
  class space    used 11147K, committed 11712K, reserved 1048576K

Card table byte_map: [0x00000287483d0000,0x00000287485e0000] _byte_map_base: 0x0000028747dd0000

Marking Bits: (ParMarkBitMap*) 0x00007fff946183a0
 Begin Bits: [0x000002875a6a0000, 0x000002875b6a0000)
 End Bits:   [0x000002875b6a0000, 0x000002875c6a0000)

Polling page: 0x0000028746910000

Metaspace:

Usage:
  Non-class:     92.78 MB used.
      Class:     10.89 MB used.
       Both:    103.66 MB used.

Virtual space:
  Non-class space:      128.00 MB reserved,      93.50 MB ( 73%) committed,  2 nodes.
      Class space:        1.00 GB reserved,      11.44 MB (  1%) committed,  1 nodes.
             Both:        1.12 GB reserved,     104.94 MB (  9%) committed. 

Chunk freelists:
   Non-Class:  1.69 MB
       Class:  4.52 MB
        Both:  6.20 MB

MaxMetaspaceSize: unlimited
CompressedClassSpaceSize: 1.00 GB
Initial GC threshold: 21.00 MB
Current GC threshold: 170.88 MB
CDS: off
MetaspaceReclaimPolicy: balanced
 - commit_granule_bytes: 65536.
 - commit_granule_words: 8192.
 - virtual_space_node_default_size: 8388608.
 - enlarge_chunks_in_place: 1.
 - new_chunks_are_fully_committed: 0.
 - uncommit_free_chunks: 1.
 - use_allocation_guard: 0.
 - handle_deallocations: 1.


Internal statistics:

num_allocs_failed_limit: 9.
num_arena_births: 1114.
num_arena_deaths: 356.
num_vsnodes_births: 3.
num_vsnodes_deaths: 0.
num_space_committed: 1679.
num_space_uncommitted: 0.
num_chunks_returned_to_freelist: 433.
num_chunks_taken_from_freelist: 5633.
num_chunk_merges: 162.
num_chunk_splits: 3465.
num_chunks_enlarged: 2095.
num_inconsistent_stats: 0.

CodeHeap 'non-profiled nmethods': size=120000Kb used=25294Kb max_used=25294Kb free=94705Kb
 bounds [0x0000028753170000, 0x0000028754a30000, 0x000002875a6a0000]
CodeHeap 'profiled nmethods': size=120000Kb used=41610Kb max_used=41610Kb free=78390Kb
 bounds [0x000002874b6a0000, 0x000002874df50000, 0x0000028752bd0000]
CodeHeap 'non-nmethods': size=5760Kb used=1462Kb max_used=1568Kb free=4298Kb
 bounds [0x0000028752bd0000, 0x0000028752e40000, 0x0000028753170000]
 total_blobs=20051 nmethods=19230 adapters=729
 compilation: enabled
              stopped_count=0, restarted_count=0
 full_count=0

Compilation events (20 events):
Event: 3722.524 Thread 0x000002875c89e240 28489       2       org.jetbrains.java.decompiler.code.cfg.ControlFlowGraph::createBasicBlocks (173 bytes)
Event: 3722.526 Thread 0x000002875c89e240 nmethod 28489 0x000002874df3ed90 code [0x000002874df3f080, 0x000002874df3fed8]
Event: 3722.526 Thread 0x000002875c89e240 28491       3       org.jetbrains.java.decompiler.modules.decompiler.ExprProcessor::buildEntryPointKey (33 bytes)
Event: 3722.526 Thread 0x000002875c89e240 nmethod 28491 0x000002874df40c90 code [0x000002874df40e80, 0x000002874df415b8]
Event: 3722.526 Thread 0x000002875c89e240 28490       2       org.jetbrains.java.decompiler.modules.decompiler.ExprProcessor::processStatement (830 bytes)
Event: 3722.529 Thread 0x000002875c89e240 nmethod 28490 0x000002874df41790 code [0x000002874df41e80, 0x000002874df445d8]
Event: 3722.529 Thread 0x000002875c89e240 28493       2       org.eclipse.jdt.internal.compiler.ast.TypeParameter::traverse (112 bytes)
Event: 3722.529 Thread 0x000002875c89e240 nmethod 28493 0x000002874df46910 code [0x000002874df46b00, 0x000002874df46ed8]
Event: 3722.529 Thread 0x000002875c89e240 28494   !   2       jdk.internal.reflect.GeneratedConstructorAccessor73::newInstance (53 bytes)
Event: 3722.529 Thread 0x000002875c89e240 nmethod 28494 0x000002874df47190 code [0x000002874df473a0, 0x000002874df478c8]
Event: 3722.529 Thread 0x000002875c89e240 28495       1       org.jetbrains.java.decompiler.code.cfg.BasicBlock::getPredecessorExceptions (5 bytes)
Event: 3722.529 Thread 0x000002875c89e240 nmethod 28495 0x0000028754a23690 code [0x0000028754a23820, 0x0000028754a238f8]
Event: 3722.531 Thread 0x000002875c89e240 28496       3       org.jetbrains.java.decompiler.modules.decompiler.sforms.FlattenStatementsHelper::buildDirectGraph (159 bytes)
Event: 3722.532 Thread 0x000002875c89e240 nmethod 28496 0x000002874df47c90 code [0x000002874df48040, 0x000002874df49cd8]
Event: 3722.532 Thread 0x000002875c89e240 28497       3       org.jetbrains.java.decompiler.modules.decompiler.sforms.FlattenStatementsHelper::<init> (60 bytes)
Event: 3722.532 Thread 0x000002875c89e240 nmethod 28497 0x000002874df4a890 code [0x000002874df4aac0, 0x000002874df4b478]
Event: 3722.534 Thread 0x000002875c89e240 28498       2       org.jetbrains.java.decompiler.modules.decompiler.ExprProcessor::nextMeaningfulOffset (131 bytes)
Event: 3722.534 Thread 0x000002875c89e240 nmethod 28498 0x000002874df4b790 code [0x000002874df4b9e0, 0x000002874df4bee8]
Event: 3722.535 Thread 0x000002875c89e240 28499       2       org.jetbrains.java.decompiler.modules.decompiler.SequenceHelper::destroyStatementContent (84 bytes)
Event: 3722.535 Thread 0x000002875c89e240 nmethod 28499 0x000002874df4c310 code [0x000002874df4c540, 0x000002874df4c9b8]

GC Heap History (20 events):
Event: 3722.458 GC heap after
{Heap after GC invocations=9732 (full 275):
 PSYoungGen      total 6656K, used 256K [0x00000000eab00000, 0x00000000eb300000, 0x0000000100000000)
  eden space 6144K, 0% used [0x00000000eab00000,0x00000000eab00000,0x00000000eb100000)
  from space 512K, 50% used [0x00000000eb280000,0x00000000eb2c0000,0x00000000eb300000)
  to   space 512K, 0% used [0x00000000eb200000,0x00000000eb200000,0x00000000eb280000)
 ParOldGen       total 150016K, used 146492K [0x00000000c0000000, 0x00000000c9280000, 0x00000000eab00000)
  object space 150016K, 97% used [0x00000000c0000000,0x00000000c8f0f208,0x00000000c9280000)
 Metaspace       used 106103K, committed 107392K, reserved 1179648K
  class space    used 11144K, committed 11712K, reserved 1048576K
}
Event: 3722.466 GC heap before
{Heap before GC invocations=9733 (full 275):
 PSYoungGen      total 6656K, used 6400K [0x00000000eab00000, 0x00000000eb300000, 0x0000000100000000)
  eden space 6144K, 100% used [0x00000000eab00000,0x00000000eb100000,0x00000000eb100000)
  from space 512K, 50% used [0x00000000eb280000,0x00000000eb2c0000,0x00000000eb300000)
  to   space 512K, 0% used [0x00000000eb200000,0x00000000eb200000,0x00000000eb280000)
 ParOldGen       total 150016K, used 146492K [0x00000000c0000000, 0x00000000c9280000, 0x00000000eab00000)
  object space 150016K, 97% used [0x00000000c0000000,0x00000000c8f0f208,0x00000000c9280000)
 Metaspace       used 106106K, committed 107392K, reserved 1179648K
  class space    used 11144K, committed 11712K, reserved 1048576K
}
Event: 3722.467 GC heap after
{Heap after GC invocations=9733 (full 275):
 PSYoungGen      total 6656K, used 384K [0x00000000eab00000, 0x00000000eb300000, 0x0000000100000000)
  eden space 6144K, 0% used [0x00000000eab00000,0x00000000eab00000,0x00000000eb100000)
  from space 512K, 75% used [0x00000000eb200000,0x00000000eb260000,0x00000000eb280000)
  to   space 512K, 0% used [0x00000000eb280000,0x00000000eb280000,0x00000000eb300000)
 ParOldGen       total 150016K, used 146652K [0x00000000c0000000, 0x00000000c9280000, 0x00000000eab00000)
  object space 150016K, 97% used [0x00000000c0000000,0x00000000c8f37208,0x00000000c9280000)
 Metaspace       used 106106K, committed 107392K, reserved 1179648K
  class space    used 11144K, committed 11712K, reserved 1048576K
}
Event: 3722.475 GC heap before
{Heap before GC invocations=9734 (full 275):
 PSYoungGen      total 6656K, used 6528K [0x00000000eab00000, 0x00000000eb300000, 0x0000000100000000)
  eden space 6144K, 100% used [0x00000000eab00000,0x00000000eb100000,0x00000000eb100000)
  from space 512K, 75% used [0x00000000eb200000,0x00000000eb260000,0x00000000eb280000)
  to   space 512K, 0% used [0x00000000eb280000,0x00000000eb280000,0x00000000eb300000)
 ParOldGen       total 150016K, used 146652K [0x00000000c0000000, 0x00000000c9280000, 0x00000000eab00000)
  object space 150016K, 97% used [0x00000000c0000000,0x00000000c8f37208,0x00000000c9280000)
 Metaspace       used 106107K, committed 107392K, reserved 1179648K
  class space    used 11144K, committed 11712K, reserved 1048576K
}
Event: 3722.476 GC heap after
{Heap after GC invocations=9734 (full 275):
 PSYoungGen      total 6656K, used 512K [0x00000000eab00000, 0x00000000eb300000, 0x0000000100000000)
  eden space 6144K, 0% used [0x00000000eab00000,0x00000000eab00000,0x00000000eb100000)
  from space 512K, 100% used [0x00000000eb280000,0x00000000eb300000,0x00000000eb300000)
  to   space 1024K, 0% used [0x00000000eb100000,0x00000000eb100000,0x00000000eb200000)
 ParOldGen       total 150016K, used 146796K [0x00000000c0000000, 0x00000000c9280000, 0x00000000eab00000)
  object space 150016K, 97% used [0x00000000c0000000,0x00000000c8f5b208,0x00000000c9280000)
 Metaspace       used 106107K, committed 107392K, reserved 1179648K
  class space    used 11144K, committed 11712K, reserved 1048576K
}
Event: 3722.483 GC heap before
{Heap before GC invocations=9735 (full 275):
 PSYoungGen      total 6656K, used 6656K [0x00000000eab00000, 0x00000000eb300000, 0x0000000100000000)
  eden space 6144K, 100% used [0x00000000eab00000,0x00000000eb100000,0x00000000eb100000)
  from space 512K, 100% used [0x00000000eb280000,0x00000000eb300000,0x00000000eb300000)
  to   space 1024K, 0% used [0x00000000eb100000,0x00000000eb100000,0x00000000eb200000)
 ParOldGen       total 150016K, used 146796K [0x00000000c0000000, 0x00000000c9280000, 0x00000000eab00000)
  object space 150016K, 97% used [0x00000000c0000000,0x00000000c8f5b208,0x00000000c9280000)
 Metaspace       used 106107K, committed 107392K, reserved 1179648K
  class space    used 11144K, committed 11712K, reserved 1048576K
}
Event: 3722.483 GC heap after
{Heap after GC invocations=9735 (full 275):
 PSYoungGen      total 7168K, used 320K [0x00000000eab00000, 0x00000000eb300000, 0x0000000100000000)
  eden space 6144K, 0% used [0x00000000eab00000,0x00000000eab00000,0x00000000eb100000)
  from space 1024K, 31% used [0x00000000eb100000,0x00000000eb150000,0x00000000eb200000)
  to   space 512K, 0% used [0x00000000eb280000,0x00000000eb280000,0x00000000eb300000)
 ParOldGen       total 150016K, used 146972K [0x00000000c0000000, 0x00000000c9280000, 0x00000000eab00000)
  object space 150016K, 97% used [0x00000000c0000000,0x00000000c8f87208,0x00000000c9280000)
 Metaspace       used 106107K, committed 107392K, reserved 1179648K
  class space    used 11144K, committed 11712K, reserved 1048576K
}
Event: 3722.490 GC heap before
{Heap before GC invocations=9736 (full 275):
 PSYoungGen      total 7168K, used 6464K [0x00000000eab00000, 0x00000000eb300000, 0x0000000100000000)
  eden space 6144K, 100% used [0x00000000eab00000,0x00000000eb100000,0x00000000eb100000)
  from space 1024K, 31% used [0x00000000eb100000,0x00000000eb150000,0x00000000eb200000)
  to   space 512K, 0% used [0x00000000eb280000,0x00000000eb280000,0x00000000eb300000)
 ParOldGen       total 150016K, used 146972K [0x00000000c0000000, 0x00000000c9280000, 0x00000000eab00000)
  object space 150016K, 97% used [0x00000000c0000000,0x00000000c8f87208,0x00000000c9280000)
 Metaspace       used 106107K, committed 107392K, reserved 1179648K
  class space    used 11144K, committed 11712K, reserved 1048576K
}
Event: 3722.491 GC heap after
{Heap after GC invocations=9736 (full 275):
 PSYoungGen      total 6656K, used 160K [0x00000000eab00000, 0x00000000eb300000, 0x0000000100000000)
  eden space 6144K, 0% used [0x00000000eab00000,0x00000000eab00000,0x00000000eb100000)
  from space 512K, 31% used [0x00000000eb280000,0x00000000eb2a8000,0x00000000eb300000)
  to   space 512K, 0% used [0x00000000eb200000,0x00000000eb200000,0x00000000eb280000)
 ParOldGen       total 150016K, used 147012K [0x00000000c0000000, 0x00000000c9280000, 0x00000000eab00000)
  object space 150016K, 97% used [0x00000000c0000000,0x00000000c8f91208,0x00000000c9280000)
 Metaspace       used 106107K, committed 107392K, reserved 1179648K
  class space    used 11144K, committed 11712K, reserved 1048576K
}
Event: 3722.499 GC heap before
{Heap before GC invocations=9737 (full 275):
 PSYoungGen      total 6656K, used 6304K [0x00000000eab00000, 0x00000000eb300000, 0x0000000100000000)
  eden space 6144K, 100% used [0x00000000eab00000,0x00000000eb100000,0x00000000eb100000)
  from space 512K, 31% used [0x00000000eb280000,0x00000000eb2a8000,0x00000000eb300000)
  to   space 512K, 0% used [0x00000000eb200000,0x00000000eb200000,0x00000000eb280000)
 ParOldGen       total 150016K, used 147012K [0x00000000c0000000, 0x00000000c9280000, 0x00000000eab00000)
  object space 150016K, 97% used [0x00000000c0000000,0x00000000c8f91208,0x00000000c9280000)
 Metaspace       used 106107K, committed 107392K, reserved 1179648K
  class space    used 11144K, committed 11712K, reserved 1048576K
}
Event: 3722.500 GC heap after
{Heap after GC invocations=9737 (full 275):
 PSYoungGen      total 6656K, used 512K [0x00000000eab00000, 0x00000000eb300000, 0x0000000100000000)
  eden space 6144K, 0% used [0x00000000eab00000,0x00000000eab00000,0x00000000eb100000)
  from space 512K, 100% used [0x00000000eb200000,0x00000000eb280000,0x00000000eb280000)
  to   space 512K, 0% used [0x00000000eb280000,0x00000000eb280000,0x00000000eb300000)
 ParOldGen       total 150016K, used 147156K [0x00000000c0000000, 0x00000000c9280000, 0x00000000eab00000)
  object space 150016K, 98% used [0x00000000c0000000,0x00000000c8fb5208,0x00000000c9280000)
 Metaspace       used 106107K, committed 107392K, reserved 1179648K
  class space    used 11144K, committed 11712K, reserved 1048576K
}
Event: 3722.507 GC heap before
{Heap before GC invocations=9738 (full 275):
 PSYoungGen      total 6656K, used 6656K [0x00000000eab00000, 0x00000000eb300000, 0x0000000100000000)
  eden space 6144K, 100% used [0x00000000eab00000,0x00000000eb100000,0x00000000eb100000)
  from space 512K, 100% used [0x00000000eb200000,0x00000000eb280000,0x00000000eb280000)
  to   space 512K, 0% used [0x00000000eb280000,0x00000000eb280000,0x00000000eb300000)
 ParOldGen       total 150016K, used 147156K [0x00000000c0000000, 0x00000000c9280000, 0x00000000eab00000)
  object space 150016K, 98% used [0x00000000c0000000,0x00000000c8fb5208,0x00000000c9280000)
 Metaspace       used 106107K, committed 107392K, reserved 1179648K
  class space    used 11144K, committed 11712K, reserved 1048576K
}
Event: 3722.508 GC heap after
{Heap after GC invocations=9738 (full 275):
 PSYoungGen      total 6656K, used 192K [0x00000000eab00000, 0x00000000eb300000, 0x0000000100000000)
  eden space 6144K, 0% used [0x00000000eab00000,0x00000000eab00000,0x00000000eb100000)
  from space 512K, 37% used [0x00000000eb280000,0x00000000eb2b0000,0x00000000eb300000)
  to   space 512K, 0% used [0x00000000eb200000,0x00000000eb200000,0x00000000eb280000)
 ParOldGen       total 150016K, used 147564K [0x00000000c0000000, 0x00000000c9280000, 0x00000000eab00000)
  object space 150016K, 98% used [0x00000000c0000000,0x00000000c901b208,0x00000000c9280000)
 Metaspace       used 106107K, committed 107392K, reserved 1179648K
  class space    used 11144K, committed 11712K, reserved 1048576K
}
Event: 3722.518 GC heap before
{Heap before GC invocations=9739 (full 275):
 PSYoungGen      total 6656K, used 6336K [0x00000000eab00000, 0x00000000eb300000, 0x0000000100000000)
  eden space 6144K, 100% used [0x00000000eab00000,0x00000000eb100000,0x00000000eb100000)
  from space 512K, 37% used [0x00000000eb280000,0x00000000eb2b0000,0x00000000eb300000)
  to   space 512K, 0% used [0x00000000eb200000,0x00000000eb200000,0x00000000eb280000)
 ParOldGen       total 150016K, used 147564K [0x00000000c0000000, 0x00000000c9280000, 0x00000000eab00000)
  object space 150016K, 98% used [0x00000000c0000000,0x00000000c901b208,0x00000000c9280000)
 Metaspace       used 106128K, committed 107392K, reserved 1179648K
  class space    used 11144K, committed 11712K, reserved 1048576K
}
Event: 3722.519 GC heap after
{Heap after GC invocations=9739 (full 275):
 PSYoungGen      total 6656K, used 224K [0x00000000eab00000, 0x00000000eb300000, 0x0000000100000000)
  eden space 6144K, 0% used [0x00000000eab00000,0x00000000eab00000,0x00000000eb100000)
  from space 512K, 43% used [0x00000000eb200000,0x00000000eb238000,0x00000000eb280000)
  to   space 512K, 0% used [0x00000000eb280000,0x00000000eb280000,0x00000000eb300000)
 ParOldGen       total 150016K, used 147620K [0x00000000c0000000, 0x00000000c9280000, 0x00000000eab00000)
  object space 150016K, 98% used [0x00000000c0000000,0x00000000c9029208,0x00000000c9280000)
 Metaspace       used 106128K, committed 107392K, reserved 1179648K
  class space    used 11144K, committed 11712K, reserved 1048576K
}
Event: 3722.525 GC heap before
{Heap before GC invocations=9740 (full 275):
 PSYoungGen      total 6656K, used 6368K [0x00000000eab00000, 0x00000000eb300000, 0x0000000100000000)
  eden space 6144K, 100% used [0x00000000eab00000,0x00000000eb100000,0x00000000eb100000)
  from space 512K, 43% used [0x00000000eb200000,0x00000000eb238000,0x00000000eb280000)
  to   space 512K, 0% used [0x00000000eb280000,0x00000000eb280000,0x00000000eb300000)
 ParOldGen       total 150016K, used 147620K [0x00000000c0000000, 0x00000000c9280000, 0x00000000eab00000)
  object space 150016K, 98% used [0x00000000c0000000,0x00000000c9029208,0x00000000c9280000)
 Metaspace       used 106130K, committed 107392K, reserved 1179648K
  class space    used 11144K, committed 11712K, reserved 1048576K
}
Event: 3722.525 GC heap after
{Heap after GC invocations=9740 (full 275):
 PSYoungGen      total 6656K, used 506K [0x00000000eab00000, 0x00000000eb300000, 0x0000000100000000)
  eden space 6144K, 0% used [0x00000000eab00000,0x00000000eab00000,0x00000000eb100000)
  from space 512K, 98% used [0x00000000eb280000,0x00000000eb2fe900,0x00000000eb300000)
  to   space 1024K, 0% used [0x00000000eb100000,0x00000000eb100000,0x00000000eb200000)
 ParOldGen       total 150016K, used 147968K [0x00000000c0000000, 0x00000000c9280000, 0x00000000eab00000)
  object space 150016K, 98% used [0x00000000c0000000,0x00000000c9080218,0x00000000c9280000)
 Metaspace       used 106130K, committed 107392K, reserved 1179648K
  class space    used 11144K, committed 11712K, reserved 1048576K
}
Event: 3722.530 GC heap before
{Heap before GC invocations=9741 (full 275):
 PSYoungGen      total 6656K, used 6650K [0x00000000eab00000, 0x00000000eb300000, 0x0000000100000000)
  eden space 6144K, 100% used [0x00000000eab00000,0x00000000eb100000,0x00000000eb100000)
  from space 512K, 98% used [0x00000000eb280000,0x00000000eb2fe900,0x00000000eb300000)
  to   space 1024K, 0% used [0x00000000eb100000,0x00000000eb100000,0x00000000eb200000)
 ParOldGen       total 150016K, used 147968K [0x00000000c0000000, 0x00000000c9280000, 0x00000000eab00000)
  object space 150016K, 98% used [0x00000000c0000000,0x00000000c9080218,0x00000000c9280000)
 Metaspace       used 106149K, committed 107456K, reserved 1179648K
  class space    used 11147K, committed 11712K, reserved 1048576K
}
Event: 3722.531 GC heap after
{Heap after GC invocations=9741 (full 275):
 PSYoungGen      total 7168K, used 608K [0x00000000eab00000, 0x00000000eb300000, 0x0000000100000000)
  eden space 6144K, 0% used [0x00000000eab00000,0x00000000eab00000,0x00000000eb100000)
  from space 1024K, 59% used [0x00000000eb100000,0x00000000eb198000,0x00000000eb200000)
  to   space 1024K, 0% used [0x00000000eb200000,0x00000000eb200000,0x00000000eb300000)
 ParOldGen       total 150016K, used 148501K [0x00000000c0000000, 0x00000000c9280000, 0x00000000eab00000)
  object space 150016K, 98% used [0x00000000c0000000,0x00000000c9105658,0x00000000c9280000)
 Metaspace       used 106149K, committed 107456K, reserved 1179648K
  class space    used 11147K, committed 11712K, reserved 1048576K
}
Event: 3722.537 GC heap before
{Heap before GC invocations=9742 (full 275):
 PSYoungGen      total 7168K, used 6752K [0x00000000eab00000, 0x00000000eb300000, 0x0000000100000000)
  eden space 6144K, 100% used [0x00000000eab00000,0x00000000eb100000,0x00000000eb100000)
  from space 1024K, 59% used [0x00000000eb100000,0x00000000eb198000,0x00000000eb200000)
  to   space 1024K, 0% used [0x00000000eb200000,0x00000000eb200000,0x00000000eb300000)
 ParOldGen       total 150016K, used 148501K [0x00000000c0000000, 0x00000000c9280000, 0x00000000eab00000)
  object space 150016K, 98% used [0x00000000c0000000,0x00000000c9105658,0x00000000c9280000)
 Metaspace       used 106151K, committed 107456K, reserved 1179648K
  class space    used 11147K, committed 11712K, reserved 1048576K
}

Dll operation events (14 events):
Event: 0.006 Loaded shared library c:\Users\Gereld\.vscode\extensions\redhat.java-1.22.1-win32-x64\jre\17.0.8.1-win32-x86_64\bin\java.dll
Event: 0.148 Loaded shared library c:\Users\Gereld\.vscode\extensions\redhat.java-1.22.1-win32-x64\jre\17.0.8.1-win32-x86_64\bin\zip.dll
Event: 0.155 Loaded shared library C:\Users\Gereld\.vscode\extensions\redhat.java-1.22.1-win32-x64\jre\17.0.8.1-win32-x86_64\bin\instrument.dll
Event: 0.170 Loaded shared library C:\Users\Gereld\.vscode\extensions\redhat.java-1.22.1-win32-x64\jre\17.0.8.1-win32-x86_64\bin\net.dll
Event: 0.176 Loaded shared library C:\Users\Gereld\.vscode\extensions\redhat.java-1.22.1-win32-x64\jre\17.0.8.1-win32-x86_64\bin\nio.dll
Event: 0.181 Loaded shared library C:\Users\Gereld\.vscode\extensions\redhat.java-1.22.1-win32-x64\jre\17.0.8.1-win32-x86_64\bin\zip.dll
Event: 0.192 Loaded shared library C:\Users\Gereld\.vscode\extensions\redhat.java-1.22.1-win32-x64\jre\17.0.8.1-win32-x86_64\bin\jimage.dll
Event: 0.253 Loaded shared library c:\Users\Gereld\.vscode\extensions\redhat.java-1.22.1-win32-x64\jre\17.0.8.1-win32-x86_64\bin\verify.dll
Event: 1.192 Loaded shared library C:\Users\Gereld\AppData\Roaming\Code\User\globalStorage\redhat.java\1.22.1\config_win\org.eclipse.equinox.launcher\org.eclipse.equinox.launcher.win32.win32.x86_64_1.2.700.v20221108-1024\eclipse_11801.dll
Event: 3.514 Loaded shared library C:\Users\Gereld\AppData\Local\Temp\jna-2129438181\jna9842893077839154726.dll
Event: 5.847 Loaded shared library C:\Users\Gereld\.vscode\extensions\redhat.java-1.22.1-win32-x64\jre\17.0.8.1-win32-x86_64\bin\sunmscapi.dll
Event: 6.321 Loaded shared library C:\Users\Gereld\.gradle\native\68d5fa5c4cc2d200863cafc0d521ce42e7d3e7ee720ec0a83991735586a16f82\windows-amd64\native-platform.dll
Event: 6.906 Loaded shared library C:\Users\Gereld\.vscode\extensions\redhat.java-1.22.1-win32-x64\jre\17.0.8.1-win32-x86_64\bin\management.dll
Event: 6.910 Loaded shared library C:\Users\Gereld\.vscode\extensions\redhat.java-1.22.1-win32-x64\jre\17.0.8.1-win32-x86_64\bin\management_ext.dll

Deoptimization events (20 events):
Event: 3722.420 Thread 0x000002876296ca80 Uncommon trap: trap_request=0xffffffde fr.pc=0x0000028754a19c88 relative=0x0000000000009b88
Event: 3722.420 Thread 0x000002876296ca80 Uncommon trap: reason=class_check action=maybe_recompile pc=0x0000028754a19c88 method=org.jetbrains.java.decompiler.modules.decompiler.sforms.SSAUConstructorSparseEx.processExprent(Lorg/jetbrains/java/decompiler/modules/decompiler/exps/Exprent;[Lorg/jetbr
Event: 3722.420 Thread 0x000002876296ca80 DEOPT PACKING pc=0x0000028754a19c88 sp=0x000000c76a6fdf00
Event: 3722.420 Thread 0x000002876296ca80 DEOPT UNPACKING pc=0x0000028752c266a3 sp=0x000000c76a6fdeb8 mode 2
Event: 3722.420 Thread 0x000002876296ca80 Uncommon trap: trap_request=0xffffffde fr.pc=0x0000028754a19c88 relative=0x0000000000009b88
Event: 3722.420 Thread 0x000002876296ca80 Uncommon trap: reason=class_check action=maybe_recompile pc=0x0000028754a19c88 method=org.jetbrains.java.decompiler.modules.decompiler.sforms.SSAUConstructorSparseEx.processExprent(Lorg/jetbrains/java/decompiler/modules/decompiler/exps/Exprent;[Lorg/jetbr
Event: 3722.420 Thread 0x000002876296ca80 DEOPT PACKING pc=0x0000028754a19c88 sp=0x000000c76a6fdf00
Event: 3722.420 Thread 0x000002876296ca80 DEOPT UNPACKING pc=0x0000028752c266a3 sp=0x000000c76a6fdeb8 mode 2
Event: 3722.420 Thread 0x000002876296ca80 Uncommon trap: trap_request=0xffffffde fr.pc=0x0000028754a19c88 relative=0x0000000000009b88
Event: 3722.420 Thread 0x000002876296ca80 Uncommon trap: reason=class_check action=maybe_recompile pc=0x0000028754a19c88 method=org.jetbrains.java.decompiler.modules.decompiler.sforms.SSAUConstructorSparseEx.processExprent(Lorg/jetbrains/java/decompiler/modules/decompiler/exps/Exprent;[Lorg/jetbr
Event: 3722.420 Thread 0x000002876296ca80 DEOPT PACKING pc=0x0000028754a19c88 sp=0x000000c76a6fdf00
Event: 3722.420 Thread 0x000002876296ca80 DEOPT UNPACKING pc=0x0000028752c266a3 sp=0x000000c76a6fdeb8 mode 2
Event: 3722.504 Thread 0x000002876296ca80 DEOPT PACKING pc=0x000002874dec2189 sp=0x000000c76a6fe0b0
Event: 3722.504 Thread 0x000002876296ca80 DEOPT UNPACKING pc=0x0000028752c26e43 sp=0x000000c76a6fd5f8 mode 0
Event: 3722.510 Thread 0x000002876296ca80 DEOPT PACKING pc=0x000002874deb2d3b sp=0x000000c76a6fdec0
Event: 3722.510 Thread 0x000002876296ca80 DEOPT UNPACKING pc=0x0000028752c26e43 sp=0x000000c76a6fd400 mode 0
Event: 3722.510 Thread 0x000002876296ca80 DEOPT PACKING pc=0x000002874dec3c80 sp=0x000000c76a6fe1b0
Event: 3722.510 Thread 0x000002876296ca80 DEOPT UNPACKING pc=0x0000028752c26e43 sp=0x000000c76a6fd6f8 mode 0
Event: 3722.511 Thread 0x000002876296ca80 DEOPT PACKING pc=0x000002874dec2de4 sp=0x000000c76a6fe1d0
Event: 3722.511 Thread 0x000002876296ca80 DEOPT UNPACKING pc=0x0000028752c26e43 sp=0x000000c76a6fd6f0 mode 0

Classes unloaded (20 events):
Event: 2446.914 Thread 0x0000028748ad7ba0 Unloading class 0x00000001001b0800 'java/lang/invoke/LambdaForm$MH+0x00000001001b0800'
Event: 3246.023 Thread 0x0000028748ad7ba0 Unloading class 0x0000000100b1f000 'java/lang/invoke/LambdaForm$MH+0x0000000100b1f000'
Event: 3246.023 Thread 0x0000028748ad7ba0 Unloading class 0x0000000100b1ec00 'java/lang/invoke/LambdaForm$MH+0x0000000100b1ec00'
Event: 3246.023 Thread 0x0000028748ad7ba0 Unloading class 0x0000000100b1e800 'java/lang/invoke/LambdaForm$MH+0x0000000100b1e800'
Event: 3246.023 Thread 0x0000028748ad7ba0 Unloading class 0x0000000100b1e400 'java/lang/invoke/LambdaForm$MH+0x0000000100b1e400'
Event: 3246.023 Thread 0x0000028748ad7ba0 Unloading class 0x0000000100b1e000 'java/lang/invoke/LambdaForm$MH+0x0000000100b1e000'
Event: 3246.023 Thread 0x0000028748ad7ba0 Unloading class 0x0000000100b1dc00 'java/lang/invoke/LambdaForm$MH+0x0000000100b1dc00'
Event: 3246.023 Thread 0x0000028748ad7ba0 Unloading class 0x0000000100279800 'java/lang/invoke/LambdaForm$MH+0x0000000100279800'
Event: 3246.023 Thread 0x0000028748ad7ba0 Unloading class 0x0000000100279400 'java/lang/invoke/LambdaForm$MH+0x0000000100279400'
Event: 3246.023 Thread 0x0000028748ad7ba0 Unloading class 0x0000000100279000 'java/lang/invoke/LambdaForm$MH+0x0000000100279000'
Event: 3246.023 Thread 0x0000028748ad7ba0 Unloading class 0x0000000100225800 'java/lang/invoke/LambdaForm$MH+0x0000000100225800'
Event: 3246.023 Thread 0x0000028748ad7ba0 Unloading class 0x000000010019dc00 'java/lang/invoke/LambdaForm$MH+0x000000010019dc00'
Event: 3246.023 Thread 0x0000028748ad7ba0 Unloading class 0x000000010019d400 'java/lang/invoke/LambdaForm$MH+0x000000010019d400'
Event: 3246.023 Thread 0x0000028748ad7ba0 Unloading class 0x000000010019d000 'java/lang/invoke/LambdaForm$MH+0x000000010019d000'
Event: 3246.023 Thread 0x0000028748ad7ba0 Unloading class 0x000000010019cc00 'java/lang/invoke/LambdaForm$MH+0x000000010019cc00'
Event: 3246.023 Thread 0x0000028748ad7ba0 Unloading class 0x000000010019c800 'java/lang/invoke/LambdaForm$MH+0x000000010019c800'
Event: 3246.023 Thread 0x0000028748ad7ba0 Unloading class 0x000000010019c000 'java/lang/invoke/LambdaForm$MH+0x000000010019c000'
Event: 3430.402 Thread 0x0000028748ad7ba0 Unloading class 0x00000001001b5000 'jdk/internal/reflect/GeneratedSerializationConstructorAccessor31'
Event: 3430.402 Thread 0x0000028748ad7ba0 Unloading class 0x0000000100224000 'jdk/internal/reflect/GeneratedSerializationConstructorAccessor30'
Event: 3430.402 Thread 0x0000028748ad7ba0 Unloading class 0x0000000100224800 'jdk/internal/reflect/GeneratedSerializationConstructorAccessor29'

Classes redefined (0 events):
No events

Internal exceptions (20 events):
Event: 3628.091 Thread 0x0000028764078720 Exception <a 'java/lang/ArrayIndexOutOfBoundsException'{0x00000000eafab0b0}> (0x00000000eafab0b0) 
thrown [s\src\hotspot\share\runtime\sharedRuntime.cpp, line 628]
Event: 3628.091 Thread 0x0000028764078720 Exception <a 'java/lang/ArrayIndexOutOfBoundsException'{0x00000000eafab4d0}> (0x00000000eafab4d0) 
thrown [s\src\hotspot\share\runtime\sharedRuntime.cpp, line 628]
Event: 3628.298 Thread 0x0000028764078720 Exception <a 'java/lang/ArrayIndexOutOfBoundsException'{0x00000000eac1cae0}> (0x00000000eac1cae0) 
thrown [s\src\hotspot\share\runtime\sharedRuntime.cpp, line 628]
Event: 3628.298 Thread 0x0000028764078720 Exception <a 'java/lang/ArrayIndexOutOfBoundsException'{0x00000000eac1d228}> (0x00000000eac1d228) 
thrown [s\src\hotspot\share\runtime\sharedRuntime.cpp, line 628]
Event: 3628.298 Thread 0x0000028764078720 Exception <a 'java/lang/ArrayIndexOutOfBoundsException'{0x00000000eac1d648}> (0x00000000eac1d648) 
thrown [s\src\hotspot\share\runtime\sharedRuntime.cpp, line 628]
Event: 3628.571 Thread 0x0000028764078720 Exception <a 'java/lang/ArrayIndexOutOfBoundsException'{0x00000000eadf8320}> (0x00000000eadf8320) 
thrown [s\src\hotspot\share\runtime\sharedRuntime.cpp, line 628]
Event: 3628.571 Thread 0x0000028764078720 Exception <a 'java/lang/ArrayIndexOutOfBoundsException'{0x00000000eadf8a68}> (0x00000000eadf8a68) 
thrown [s\src\hotspot\share\runtime\sharedRuntime.cpp, line 628]
Event: 3628.571 Thread 0x0000028764078720 Exception <a 'java/lang/ArrayIndexOutOfBoundsException'{0x00000000eadf8e88}> (0x00000000eadf8e88) 
thrown [s\src\hotspot\share\runtime\sharedRuntime.cpp, line 628]
Event: 3645.205 Thread 0x0000028764078720 Implicit null exception at 0x0000028753942eb2 to 0x00000287539443b4
Event: 3645.206 Thread 0x0000028764078720 Implicit null exception at 0x000002875453e722 to 0x000002875453ef88
Event: 3645.226 Thread 0x0000028764078720 Exception <a 'java/lang/ArrayIndexOutOfBoundsException'{0x00000000eaf39340}> (0x00000000eaf39340) 
thrown [s\src\hotspot\share\runtime\sharedRuntime.cpp, line 628]
Event: 3645.948 Thread 0x00000287660900b0 Exception <a 'java/lang/ArrayIndexOutOfBoundsException'{0x00000000ead672d8}> (0x00000000ead672d8) 
thrown [s\src\hotspot\share\runtime\sharedRuntime.cpp, line 628]
Event: 3645.948 Thread 0x00000287660900b0 Exception <a 'java/lang/ArrayIndexOutOfBoundsException'{0x00000000ead67c80}> (0x00000000ead67c80) 
thrown [s\src\hotspot\share\runtime\sharedRuntime.cpp, line 628]
Event: 3645.948 Thread 0x00000287660900b0 Exception <a 'java/lang/ArrayIndexOutOfBoundsException'{0x00000000ead680a0}> (0x00000000ead680a0) 
thrown [s\src\hotspot\share\runtime\sharedRuntime.cpp, line 628]
Event: 3721.912 Thread 0x000002876296ca80 Implicit null exception at 0x00000287546fd660 to 0x00000287546fdc54
Event: 3721.953 Thread 0x000002876296ca80 Exception <a 'java/lang/NoSuchMethodError'{0x00000000eb0f4e08}: 'java.lang.Object java.lang.invoke.DirectMethodHandle$Holder.invokeSpecial(java.lang.Object, java.lang.Object, java.lang.Object, int, int)'> (0x00000000eb0f4e08) 
thrown [s\src\hotspot\share\interpreter\linkResolver.cpp, line 759]
Event: 3721.953 Thread 0x000002876296ca80 Exception <a 'java/lang/NoSuchMethodError'{0x00000000eb0f8910}: 'java.lang.Object java.lang.invoke.Invokers$Holder.linkToTargetMethod(java.lang.Object, int, int, java.lang.Object)'> (0x00000000eb0f8910) 
thrown [s\src\hotspot\share\interpreter\linkResolver.cpp, line 759]
Event: 3722.021 Thread 0x000002876296ca80 Exception <a 'java/lang/NoSuchMethodError'{0x00000000eaf77a50}: 'int java.lang.invoke.DirectMethodHandle$Holder.invokeSpecial(java.lang.Object, java.lang.Object, java.lang.Object, java.lang.Object, java.lang.Object)'> (0x00000000eaf77a50) 
thrown [s\src\hotspot\share\interpreter\linkResolver.cpp, line 759]
Event: 3722.023 Thread 0x000002876296ca80 Implicit null exception at 0x0000028753eab82c to 0x0000028753eab878
Event: 3722.023 Thread 0x000002876296ca80 Exception <a 'java/lang/NoSuchMethodError'{0x00000000eafbea90}: 'java.lang.Object java.lang.invoke.DirectMethodHandle$Holder.invokeVirtual(java.lang.Object, java.lang.Object, java.lang.Object)'> (0x00000000eafbea90) 
thrown [s\src\hotspot\share\interpreter\linkResolver.cpp, line 759]

VM Operations (20 events):
Event: 3722.458 Executing VM operation: ParallelGCFailedAllocation done
Event: 3722.466 Executing VM operation: ParallelGCFailedAllocation
Event: 3722.467 Executing VM operation: ParallelGCFailedAllocation done
Event: 3722.475 Executing VM operation: ParallelGCFailedAllocation
Event: 3722.476 Executing VM operation: ParallelGCFailedAllocation done
Event: 3722.483 Executing VM operation: ParallelGCFailedAllocation
Event: 3722.483 Executing VM operation: ParallelGCFailedAllocation done
Event: 3722.490 Executing VM operation: ParallelGCFailedAllocation
Event: 3722.491 Executing VM operation: ParallelGCFailedAllocation done
Event: 3722.499 Executing VM operation: ParallelGCFailedAllocation
Event: 3722.500 Executing VM operation: ParallelGCFailedAllocation done
Event: 3722.507 Executing VM operation: ParallelGCFailedAllocation
Event: 3722.508 Executing VM operation: ParallelGCFailedAllocation done
Event: 3722.518 Executing VM operation: ParallelGCFailedAllocation
Event: 3722.519 Executing VM operation: ParallelGCFailedAllocation done
Event: 3722.524 Executing VM operation: ParallelGCFailedAllocation
Event: 3722.525 Executing VM operation: ParallelGCFailedAllocation done
Event: 3722.530 Executing VM operation: ParallelGCFailedAllocation
Event: 3722.531 Executing VM operation: ParallelGCFailedAllocation done
Event: 3722.537 Executing VM operation: ParallelGCFailedAllocation

Events (20 events):
Event: 3722.368 Thread 0x00000287621e2140 flushing nmethod 0x000002874c047590
Event: 3722.369 Thread 0x00000287621e2140 flushing nmethod 0x000002874c1b1590
Event: 3722.370 Thread 0x00000287621e2140 flushing nmethod 0x000002874c24fc10
Event: 3722.371 Thread 0x00000287621e2140 flushing nmethod 0x000002874c3d1e10
Event: 3722.372 Thread 0x00000287621e2140 flushing nmethod 0x000002874c5ce910
Event: 3722.372 Thread 0x00000287621e2140 flushing nmethod 0x000002874c606e90
Event: 3722.372 Thread 0x00000287621e2140 flushing nmethod 0x000002874c644890
Event: 3722.373 Thread 0x00000287621e2140 flushing nmethod 0x000002874c792990
Event: 3722.373 Thread 0x00000287621e2140 flushing nmethod 0x000002874c90c390
Event: 3722.373 Thread 0x00000287621e2140 flushing nmethod 0x000002874c92ea10
Event: 3722.374 Thread 0x00000287621e2140 flushing nmethod 0x000002874cbad390
Event: 3722.375 Thread 0x00000287621e2140 flushing nmethod 0x000002874cbc3890
Event: 3722.375 Thread 0x00000287621e2140 flushing nmethod 0x000002874cc6f010
Event: 3722.375 Thread 0x00000287621e2140 flushing nmethod 0x000002874cd94390
Event: 3722.376 Thread 0x00000287621e2140 flushing nmethod 0x000002874cf06c90
Event: 3722.377 Thread 0x00000287621e2140 flushing nmethod 0x000002874d08c110
Event: 3722.377 Thread 0x00000287621e2140 flushing nmethod 0x000002874d168610
Event: 3722.377 Thread 0x00000287621e2140 flushing nmethod 0x000002874d16ef10
Event: 3722.378 Thread 0x00000287621e2140 flushing nmethod 0x000002874d390d90
Event: 3722.378 Thread 0x00000287621e2140 flushing nmethod 0x000002874d395f90


Dynamic libraries:
0x00007ff7a9c20000 - 0x00007ff7a9c2e000 	c:\Users\Gereld\.vscode\extensions\redhat.java-1.22.1-win32-x64\jre\17.0.8.1-win32-x86_64\bin\java.exe
0x00007ff80c1b0000 - 0x00007ff80c3a8000 	C:\WINDOWS\SYSTEM32\ntdll.dll
0x00007ff80b2f0000 - 0x00007ff80b3ad000 	C:\WINDOWS\System32\KERNEL32.DLL
0x00007ff809dd0000 - 0x00007ff80a0c6000 	C:\WINDOWS\System32\KERNELBASE.dll
0x00007ff80a170000 - 0x00007ff80a270000 	C:\WINDOWS\System32\ucrtbase.dll
0x00007ffff2360000 - 0x00007ffff2377000 	c:\Users\Gereld\.vscode\extensions\redhat.java-1.22.1-win32-x64\jre\17.0.8.1-win32-x86_64\bin\jli.dll
0x00007ff80a4a0000 - 0x00007ff80a63e000 	C:\WINDOWS\System32\USER32.dll
0x00007ff8099b0000 - 0x00007ff8099d2000 	C:\WINDOWS\System32\win32u.dll
0x00007ff80c140000 - 0x00007ff80c16c000 	C:\WINDOWS\System32\GDI32.dll
0x00007ff809a50000 - 0x00007ff809b6a000 	C:\WINDOWS\System32\gdi32full.dll
0x00007ff80a0d0000 - 0x00007ff80a16d000 	C:\WINDOWS\System32\msvcp_win.dll
0x00007ffff13d0000 - 0x00007ffff13e9000 	c:\Users\Gereld\.vscode\extensions\redhat.java-1.22.1-win32-x64\jre\17.0.8.1-win32-x86_64\bin\VCRUNTIME140.dll
0x00007ffff18e0000 - 0x00007ffff1b7a000 	C:\WINDOWS\WinSxS\amd64_microsoft.windows.common-controls_6595b64144ccf1df_6.0.19041.1110_none_60b5254171f9507e\COMCTL32.dll
0x00007ff80b3b0000 - 0x00007ff80b44e000 	C:\WINDOWS\System32\msvcrt.dll
0x00007ff80aa50000 - 0x00007ff80aa80000 	C:\WINDOWS\System32\IMM32.DLL
0x00007ffff5f70000 - 0x00007ffff5f7c000 	c:\Users\Gereld\.vscode\extensions\redhat.java-1.22.1-win32-x64\jre\17.0.8.1-win32-x86_64\bin\vcruntime140_1.dll
0x00007fffab090000 - 0x00007fffab121000 	c:\Users\Gereld\.vscode\extensions\redhat.java-1.22.1-win32-x64\jre\17.0.8.1-win32-x86_64\bin\msvcp140.dll
0x00007fff93a90000 - 0x00007fff946dc000 	c:\Users\Gereld\.vscode\extensions\redhat.java-1.22.1-win32-x64\jre\17.0.8.1-win32-x86_64\bin\server\jvm.dll
0x00007ff80b0a0000 - 0x00007ff80b14e000 	C:\WINDOWS\System32\ADVAPI32.dll
0x00007ff80a300000 - 0x00007ff80a39c000 	C:\WINDOWS\System32\sechost.dll
0x00007ff80c010000 - 0x00007ff80c136000 	C:\WINDOWS\System32\RPCRT4.dll
0x00007ff808ea0000 - 0x00007ff808eeb000 	C:\WINDOWS\SYSTEM32\POWRPROF.dll
0x00007ffff1390000 - 0x00007ffff1399000 	C:\WINDOWS\SYSTEM32\WSOCK32.dll
0x00007ff80ae40000 - 0x00007ff80aeab000 	C:\WINDOWS\System32\WS2_32.dll
0x00007ffff6b00000 - 0x00007ffff6b27000 	C:\WINDOWS\SYSTEM32\WINMM.dll
0x00007ff803850000 - 0x00007ff80385a000 	C:\WINDOWS\SYSTEM32\VERSION.dll
0x00007ff808d60000 - 0x00007ff808d72000 	C:\WINDOWS\SYSTEM32\UMPDC.dll
0x00007ff8081b0000 - 0x00007ff8081c2000 	C:\WINDOWS\SYSTEM32\kernel.appcore.dll
0x00007fffed1d0000 - 0x00007fffed1da000 	c:\Users\Gereld\.vscode\extensions\redhat.java-1.22.1-win32-x64\jre\17.0.8.1-win32-x86_64\bin\jimage.dll
0x00007ff807520000 - 0x00007ff807704000 	C:\WINDOWS\SYSTEM32\DBGHELP.DLL
0x00007ffff0880000 - 0x00007ffff08b4000 	C:\WINDOWS\SYSTEM32\dbgcore.DLL
0x00007ff80a270000 - 0x00007ff80a2f2000 	C:\WINDOWS\System32\bcryptPrimitives.dll
0x00007fffed1a0000 - 0x00007fffed1ae000 	c:\Users\Gereld\.vscode\extensions\redhat.java-1.22.1-win32-x64\jre\17.0.8.1-win32-x86_64\bin\instrument.dll
0x00007fffb8f80000 - 0x00007fffb8fa5000 	c:\Users\Gereld\.vscode\extensions\redhat.java-1.22.1-win32-x64\jre\17.0.8.1-win32-x86_64\bin\java.dll
0x00007fffecb20000 - 0x00007fffecb38000 	c:\Users\Gereld\.vscode\extensions\redhat.java-1.22.1-win32-x64\jre\17.0.8.1-win32-x86_64\bin\zip.dll
0x00007ff80b450000 - 0x00007ff80bb95000 	C:\WINDOWS\System32\SHELL32.dll
0x00007ff8079d0000 - 0x00007ff80816b000 	C:\WINDOWS\SYSTEM32\windows.storage.dll
0x00007ff80aae0000 - 0x00007ff80ae34000 	C:\WINDOWS\System32\combase.dll
0x00007ff8092e0000 - 0x00007ff80930e000 	C:\WINDOWS\SYSTEM32\Wldp.dll
0x00007ff80b230000 - 0x00007ff80b2dd000 	C:\WINDOWS\System32\SHCORE.dll
0x00007ff80a8c0000 - 0x00007ff80a915000 	C:\WINDOWS\System32\shlwapi.dll
0x00007ff8098b0000 - 0x00007ff8098d5000 	C:\WINDOWS\SYSTEM32\profapi.dll
0x00007fffdca70000 - 0x00007fffdca89000 	C:\Users\Gereld\.vscode\extensions\redhat.java-1.22.1-win32-x64\jre\17.0.8.1-win32-x86_64\bin\net.dll
0x00007ff804240000 - 0x00007ff80434a000 	C:\WINDOWS\SYSTEM32\WINHTTP.dll
0x00007ff8090c0000 - 0x00007ff80912a000 	C:\WINDOWS\system32\mswsock.dll
0x00007fffb8f30000 - 0x00007fffb8f45000 	C:\Users\Gereld\.vscode\extensions\redhat.java-1.22.1-win32-x64\jre\17.0.8.1-win32-x86_64\bin\nio.dll
0x00007fffeb960000 - 0x00007fffeb970000 	c:\Users\Gereld\.vscode\extensions\redhat.java-1.22.1-win32-x64\jre\17.0.8.1-win32-x86_64\bin\verify.dll
0x00007fffb7150000 - 0x00007fffb718e000 	C:\Users\Gereld\AppData\Roaming\Code\User\globalStorage\redhat.java\1.22.1\config_win\org.eclipse.equinox.launcher\org.eclipse.equinox.launcher.win32.win32.x86_64_1.2.700.v20221108-1024\eclipse_11801.dll
0x00007ff80aeb0000 - 0x00007ff80afda000 	C:\WINDOWS\System32\ole32.dll
0x00007ff809620000 - 0x00007ff809638000 	C:\WINDOWS\SYSTEM32\CRYPTSP.dll
0x00007ff808980000 - 0x00007ff8089b4000 	C:\WINDOWS\system32\rsaenh.dll
0x00007ff809980000 - 0x00007ff8099a7000 	C:\WINDOWS\System32\bcrypt.dll
0x00007ff809870000 - 0x00007ff80989e000 	C:\WINDOWS\SYSTEM32\USERENV.dll
0x00007ff809250000 - 0x00007ff80925c000 	C:\WINDOWS\SYSTEM32\CRYPTBASE.dll
0x00007ff808d80000 - 0x00007ff808dbb000 	C:\WINDOWS\SYSTEM32\IPHLPAPI.DLL
0x00007ff80afe0000 - 0x00007ff80afe8000 	C:\WINDOWS\System32\NSI.dll
0x00007ff8038a0000 - 0x00007ff8038b7000 	C:\WINDOWS\SYSTEM32\dhcpcsvc6.DLL
0x00007ff803880000 - 0x00007ff80389d000 	C:\WINDOWS\SYSTEM32\dhcpcsvc.DLL
0x00007ff808dc0000 - 0x00007ff808e8a000 	C:\WINDOWS\SYSTEM32\DNSAPI.dll
0x00007fffabf70000 - 0x00007fffabfb5000 	C:\Users\Gereld\AppData\Local\Temp\jna-2129438181\jna9842893077839154726.dll
0x00007ff80b2e0000 - 0x00007ff80b2e8000 	C:\WINDOWS\System32\PSAPI.DLL
0x00007fffe7800000 - 0x00007fffe780e000 	C:\Users\Gereld\.vscode\extensions\redhat.java-1.22.1-win32-x64\jre\17.0.8.1-win32-x86_64\bin\sunmscapi.dll
0x00007ff809c70000 - 0x00007ff809dce000 	C:\WINDOWS\System32\CRYPT32.dll
0x00007ff809350000 - 0x00007ff809378000 	C:\WINDOWS\SYSTEM32\ncrypt.dll
0x00007ff809310000 - 0x00007ff80934b000 	C:\WINDOWS\SYSTEM32\NTASN1.dll
0x00007ff802810000 - 0x00007ff80281a000 	C:\Windows\System32\rasadhlp.dll
0x00007ff800ba0000 - 0x00007ff800c22000 	C:\WINDOWS\System32\fwpuclnt.dll
0x00007fffb3310000 - 0x00007fffb3337000 	C:\Users\Gereld\.gradle\native\68d5fa5c4cc2d200863cafc0d521ce42e7d3e7ee720ec0a83991735586a16f82\windows-amd64\native-platform.dll
0x00007fffe6e80000 - 0x00007fffe6e89000 	C:\Users\Gereld\.vscode\extensions\redhat.java-1.22.1-win32-x64\jre\17.0.8.1-win32-x86_64\bin\management.dll
0x00007fffe6ca0000 - 0x00007fffe6cab000 	C:\Users\Gereld\.vscode\extensions\redhat.java-1.22.1-win32-x64\jre\17.0.8.1-win32-x86_64\bin\management_ext.dll
0x00007fffe31e0000 - 0x00007fffe31e7000 	C:\WINDOWS\system32\wshunix.dll

dbghelp: loaded successfully - version: 4.0.5 - missing functions: none
symbol engine: initialized successfully - sym options: 0x614 - pdb path: .;c:\Users\Gereld\.vscode\extensions\redhat.java-1.22.1-win32-x64\jre\17.0.8.1-win32-x86_64\bin;C:\WINDOWS\SYSTEM32;C:\WINDOWS\WinSxS\amd64_microsoft.windows.common-controls_6595b64144ccf1df_6.0.19041.1110_none_60b5254171f9507e;c:\Users\Gereld\.vscode\extensions\redhat.java-1.22.1-win32-x64\jre\17.0.8.1-win32-x86_64\bin\server;C:\Users\Gereld\AppData\Roaming\Code\User\globalStorage\redhat.java\1.22.1\config_win\org.eclipse.equinox.launcher\org.eclipse.equinox.launcher.win32.win32.x86_64_1.2.700.v20221108-1024;C:\Users\Gereld\AppData\Local\Temp\jna-2129438181;C:\Users\Gereld\.gradle\native\68d5fa5c4cc2d200863cafc0d521ce42e7d3e7ee720ec0a83991735586a16f82\windows-amd64

VM Arguments:
jvm_args: --add-modules=ALL-SYSTEM --add-opens=java.base/java.util=ALL-UNNAMED --add-opens=java.base/java.lang=ALL-UNNAMED --add-opens=java.base/sun.nio.fs=ALL-UNNAMED -Declipse.application=org.eclipse.jdt.ls.core.id1 -Dosgi.bundles.defaultStartLevel=4 -Declipse.product=org.eclipse.jdt.ls.core.product -Djava.import.generatesMetadataFilesAtProjectRoot=false -Dfile.encoding=utf8 -XX:+UseParallelGC -XX:GCTimeRatio=4 -XX:AdaptiveSizePolicyWeight=90 -Dsun.zip.disableMemoryMapping=true -Xmx1G -Xms100m -Xlog:disable -javaagent:c:\Users\Gereld\.vscode\extensions\redhat.java-1.22.1-win32-x64\lombok\lombok-1.18.28.jar -XX:+HeapDumpOnOutOfMemoryError -XX:HeapDumpPath=c:\Users\Gereld\AppData\Roaming\Code\User\workspaceStorage\b61a7ebf113cedc2fa80fd82d9bf1412\redhat.java -Daether.dependencyCollector.impl=bf 
java_command: c:\Users\Gereld\.vscode\extensions\redhat.java-1.22.1-win32-x64\server\plugins\org.eclipse.equinox.launcher_1.6.500.v20230717-2134.jar -configuration c:\Users\Gereld\AppData\Roaming\Code\User\globalStorage\redhat.java\1.22.1\config_win -data c:\Users\Gereld\AppData\Roaming\Code\User\workspaceStorage\b61a7ebf113cedc2fa80fd82d9bf1412\redhat.java\jdt_ws
java_class_path (initial): c:\Users\Gereld\.vscode\extensions\redhat.java-1.22.1-win32-x64\server\plugins\org.eclipse.equinox.launcher_1.6.500.v20230717-2134.jar
Launcher Type: SUN_STANDARD

[Global flags]
    uintx AdaptiveSizePolicyWeight                 = 90                                        {product} {command line}
     intx CICompilerCount                          = 3                                         {product} {ergonomic}
    uintx GCTimeRatio                              = 4                                         {product} {command line}
     bool HeapDumpOnOutOfMemoryError               = true                                   {manageable} {command line}
    ccstr HeapDumpPath                             = c:\Users\Gereld\AppData\Roaming\Code\User\workspaceStorage\b61a7ebf113cedc2fa80fd82d9bf1412\redhat.java         {manageable} {command line}
   size_t InitialHeapSize                          = 104857600                                 {product} {command line}
   size_t MaxHeapSize                              = 1073741824                                {product} {command line}
   size_t MaxNewSize                               = 357564416                                 {product} {ergonomic}
   size_t MinHeapDeltaBytes                        = 524288                                    {product} {ergonomic}
   size_t MinHeapSize                              = 104857600                                 {product} {command line}
   size_t NewSize                                  = 34603008                                  {product} {ergonomic}
    uintx NonNMethodCodeHeapSize                   = 5832780                                {pd product} {ergonomic}
    uintx NonProfiledCodeHeapSize                  = 122912730                              {pd product} {ergonomic}
   size_t OldSize                                  = 70254592                                  {product} {ergonomic}
    uintx ProfiledCodeHeapSize                     = 122912730                              {pd product} {ergonomic}
    uintx ReservedCodeCacheSize                    = 251658240                              {pd product} {ergonomic}
     bool SegmentedCodeCache                       = true                                      {product} {ergonomic}
   size_t SoftMaxHeapSize                          = 1073741824                             {manageable} {ergonomic}
     bool UseCompressedClassPointers               = true                           {product lp64_product} {ergonomic}
     bool UseCompressedOops                        = true                           {product lp64_product} {ergonomic}
     bool UseLargePagesIndividualAllocation        = false                                  {pd product} {ergonomic}
     bool UseParallelGC                            = true                                      {product} {command line}

Logging:
Log output configuration:
 #0: stdout all=off uptime,level,tags
 #1: stderr all=off uptime,level,tags

Environment Variables:
PATH=C:\Program Files (x86)\Common Files\Oracle\Java\javapath;C:\WINDOWS\system32;C:\WINDOWS;C:\WINDOWS\System32\Wbem;C:\WINDOWS\System32\WindowsPowerShell\v1.0\;C:\WINDOWS\System32\OpenSSH\;C:\Program Files\NVIDIA Corporation\NVIDIA NvDLISR;C:\Program Files (x86)\NVIDIA Corporation\PhysX\Common;C:\Program Files\Git\cmd;C:\Program Files\nodejs\;C:\Program Files\Docker\Docker\resources\bin;C:\Program Files\MySQL\MySQL Shell 8.0\bin\;C:\Users\Gereld\AppData\Local\Microsoft\WindowsApps;;C:\Users\Gereld\AppData\Local\Programs\Microsoft VS Code\bin;C:\Users\Gereld\AppData\Roaming\npm;C:\Program Files\JetBrains\IntelliJ IDEA 2023.2.1\bin;
USERNAME=Gerald
OS=Windows_NT
PROCESSOR_IDENTIFIER=Intel64 Family 6 Model 158 Stepping 13, GenuineIntel
TMP=C:\Users\Gereld\AppData\Local\Temp
TEMP=C:\Users\Gereld\AppData\Local\Temp



---------------  S Y S T E M  ---------------

OS:
 Windows 10 , 64 bit Build 19041 (10.0.19041.3393)
OS uptime: 0 days 22:02 hours
Hyper-V role detected

CPU: total 6 (initial active 6) (6 cores per cpu, 1 threads per core) family 6 model 158 stepping 13 microcode 0xd6, cx8, cmov, fxsr, mmx, 3dnowpref, sse, sse2, sse3, ssse3, sse4.1, sse4.2, popcnt, lzcnt, tsc, tscinvbit, avx, avx2, aes, erms, clmul, bmi1, bmi2, adx, fma, vzeroupper, clflush, clflushopt, hv
Processor Information for all 6 processors :
  Max Mhz: 3696, Current Mhz: 3696, Mhz Limit: 3696

Memory: 4k page, system-wide physical 16296M (4013M free)
TotalPageFile size 24828M (AvailPageFile size 3501M)
current process WorkingSet (physical memory assigned to process): 466M, peak: 526M
current process commit charge ("private bytes"): 506M, peak: 573M

vm_info: OpenJDK 64-Bit Server VM (17.0.8.1+1) for windows-amd64 JRE (17.0.8.1+1), built on Aug 23 2023 15:29:17 by "admin" with MS VC++ 16.7 (VS2019)

END.
